<?xml version="1.0" encoding="UTF-8"?>
<testng-results ignored="0" total="1" passed="1" failed="0" skipped="0">
  <reporter-output>
    <line>
      <![CDATA[Created]]>
    </line>
  </reporter-output>
  <suite started-at="2023-06-05T14:14:41 IST" name="Suite" finished-at="2023-06-05T14:14:44 IST" duration-ms="2691">
    <groups>
    </groups>
    <test started-at="2023-06-05T14:14:41 IST" name="Test" finished-at="2023-06-05T14:14:44 IST" duration-ms="2691">
      <class name="com.actitime.testscripts.CreateCustomer">
        <test-method signature="createCustomer()[pri:0, instance:com.actitime.testscripts.CreateCustomer@35047d03]" started-at="2023-06-05T14:14:41 IST" name="createCustomer" finished-at="2023-06-05T14:14:44 IST" duration-ms="2635" status="PASS">
          <reporter-output>
            <line>
              <![CDATA[Created]]>
            </line>
          </reporter-output>
        </test-method> <!-- createCustomer -->
      </class> <!-- com.actitime.testscripts.CreateCustomer -->
    </test> <!-- Test -->
  </suite> <!-- Suite -->
</testng-results>
